<?xml version="1.0" encoding="UTF-8"?>
<!-- Generated by org.testng.reporters.JUnitXMLReporter -->
<testsuite ignored="0" hostname="DESKTOP-163E6LA" failures="1" tests="16" name="Test" time="251.565" errors="0" timestamp="2023-10-10T13:09:06 IST">
  <testcase classname="Test_Execution.Add_SubjectCategory" name="createCourse" time="1.635"/>
  <testcase classname="Test_Execution.Add_SubjectCategory" name="addCourse" time="12.404"/>
  <testcase classname="Test_Execution.Add_Subject" name="createCourse" time="1.798"/>
  <testcase classname="Test_Execution.Add_Subject" name="addCourse" time="16.507"/>
  <testcase classname="Test_Execution.Add_Specialization" name="createCourse" time="1.893"/>
  <testcase classname="Test_Execution.Add_Specialization" name="addCourse" time="29.136">
    <failure type="java.lang.NullPointerException" message="Cannot invoke &amp;quot;org.apache.poi.xssf.usermodel.XSSFCell.getStringCellValue()&amp;quot; because the return value of &amp;quot;org.apache.poi.xssf.usermodel.XSSFRow.getCell(int)&amp;quot; is null">
      <![CDATA[java.lang.NullPointerException: Cannot invoke "org.apache.poi.xssf.usermodel.XSSFCell.getStringCellValue()" because the return value of "org.apache.poi.xssf.usermodel.XSSFRow.getCell(int)" is null
at Pages.Admin_Set_Specialization.add_Specialization(Admin_Set_Specialization.java:37)
at Test_Execution.Add_Specialization.addCourse(Add_Specialization.java:32)
at java.base/java.util.ArrayList.forEach(ArrayList.java:1511)
... Removed 25 stack frames]]>
    </failure>
  </testcase> <!-- addCourse -->
  <testcase classname="Test_Execution.Add_Language" name="createCourse" time="1.266"/>
  <testcase classname="Test_Execution.Add_Language" name="addCourse" time="3.542"/>
  <testcase classname="Test_Execution.Add_Course" name="createCourse" time="1.331"/>
  <testcase classname="Test_Execution.Add_Course" name="addCourse" time="6.625"/>
  <testcase classname="Test_Execution.Add_Chapter" name="createChapter" time="1.364"/>
  <testcase classname="Test_Execution.Add_Chapter" name="addChapter" time="6.69"/>
  <testcase classname="Test_Execution.Add_Lesson" name="createChapter" time="1.426"/>
  <testcase classname="Test_Execution.Add_Lesson" name="addLesson" time="18.008"/>
  <testcase classname="Test_Execution.Add_Topic" name="createChapter" time="1.403"/>
  <testcase classname="Test_Execution.Add_Topic" name="addTopic" time="48.888"/>
</testsuite> <!-- Test -->
